#
# There is insufficient memory for the Java Runtime Environment to continue.
# Native memory allocation (malloc) failed to allocate 1144336 bytes for Chunk::new
# Possible reasons:
#   The system is out of physical RAM or swap space
#   In 32 bit mode, the process size limit was hit
# Possible solutions:
#   Reduce memory load on the system
#   Increase physical memory or swap space
#   Check if swap backing store is full
#   Use 64 bit Java on a 64 bit OS
#   Decrease Java heap size (-Xmx/-Xms)
#   Decrease number of Java threads
#   Decrease Java thread stack sizes (-Xss)
#   Set larger code cache with -XX:ReservedCodeCacheSize=
# This output file may be truncated or incomplete.
#
#  Out of Memory Error (allocation.cpp:390), pid=33140, tid=0x0000000000006f50
#
# JRE version: Java(TM) SE Runtime Environment (8.0_191-b12) (build 1.8.0_191-b12)
# Java VM: Java HotSpot(TM) 64-Bit Server VM (25.191-b12 mixed mode windows-amd64 compressed oops)
# Failed to write core dump. Minidumps are not enabled by default on client versions of Windows
#

---------------  T H R E A D  ---------------

Current thread (0x0000000013fff000):  JavaThread "C2 CompilerThread1" daemon [_thread_in_native, id=28496, stack(0x0000000015750000,0x0000000015850000)]

Stack: [0x0000000015750000,0x0000000015850000]
[error occurred during error reporting (printing stack bounds), id 0xc0000005]

Native frames: (J=compiled Java code, j=interpreted, Vv=VM code, C=native code)


Current CompileTask:
C2: 652317 26484   !   4       java.nio.file.Files::walkFileTree (355 bytes)


---------------  P R O C E S S  ---------------

Java Threads: ( => current thread )
  0x000000002369f000 JavaThread "ForkJoinPool.commonPool-worker-2" daemon [_thread_blocked, id=21056, stack(0x00000000251d0000,0x00000000252d0000)]
  0x0000000023697800 JavaThread "WorkerExecutor Queue Thread 26" [_thread_blocked, id=30584, stack(0x000000001c210000,0x000000001c310000)]
  0x000000002369c000 JavaThread "WorkerExecutor Queue Thread 25" [_thread_blocked, id=16652, stack(0x0000000028950000,0x0000000028a50000)]
  0x00000000236a2000 JavaThread "WorkerExecutor Queue Thread 24" [_thread_blocked, id=23772, stack(0x00000000252d0000,0x00000000253d0000)]
  0x00000000236a2800 JavaThread "WorkerExecutor Queue Thread 23" [_thread_blocked, id=23900, stack(0x0000000024fd0000,0x00000000250d0000)]
  0x0000000023698000 JavaThread "stdout" [_thread_in_native, id=33700, stack(0x000000002a160000,0x000000002a260000)]
  0x00000000183fc800 JavaThread "stderr" [_thread_in_native, id=29372, stack(0x000000002a060000,0x000000002a160000)]
  0x000000001b6e4000 JavaThread "stdout" [_thread_in_native, id=34556, stack(0x0000000029c90000,0x0000000029d90000)]
  0x000000001b6e7000 JavaThread "stderr" [_thread_in_native, id=34024, stack(0x0000000028f20000,0x0000000029020000)]
  0x000000001b6e1800 JavaThread "stdout" [_thread_in_native, id=12376, stack(0x00000000256d0000,0x00000000257d0000)]
  0x000000001b6e5800 JavaThread "stderr" [_thread_in_native, id=16104, stack(0x00000000255d0000,0x00000000256d0000)]
  0x000000001b6d9000 JavaThread "stdout" [_thread_in_native, id=30948, stack(0x00000000253d0000,0x00000000254d0000)]
  0x000000001b6dc000 JavaThread "stderr" [_thread_in_native, id=24780, stack(0x00000000250d0000,0x00000000251d0000)]
  0x000000002357d800 JavaThread "pool-3-thread-1" [_thread_blocked, id=18132, stack(0x0000000024ed0000,0x0000000024fd0000)]
  0x000000001b6da000 JavaThread "Cache worker for execution history cache (D:\Fudex\projects\EcommerceApp\android\.gradle\6.2\executionHistory)" [_thread_blocked, id=8640, stack(0x0000000023b80000,0x0000000023c80000)]
  0x000000001b6db800 JavaThread "Execution worker for ':' Thread 3" [_thread_blocked, id=24612, stack(0x0000000022460000,0x0000000022560000)]
  0x000000001b6d7800 JavaThread "Execution worker for ':' Thread 2" [_thread_in_native, id=27220, stack(0x0000000022240000,0x0000000022340000)]
  0x000000001b6d8800 JavaThread "Execution worker for ':'" [_thread_blocked, id=11096, stack(0x0000000022360000,0x0000000022460000)]
  0x0000000018404800 JavaThread "Cache worker for file content cache (D:\Fudex\projects\EcommerceApp\android\.gradle\6.2\fileContent)" [_thread_blocked, id=21936, stack(0x0000000021f40000,0x0000000022040000)]
  0x0000000018405000 JavaThread "Cache worker for file content cache (C:\Users\Mohamad\.gradle\caches\6.2\fileContent)" [_thread_blocked, id=5688, stack(0x00000000217e0000,0x00000000218e0000)]
  0x00000000183fb000 JavaThread "Memory manager" [_thread_blocked, id=10008, stack(0x0000000020cc0000,0x0000000020dc0000)]
  0x00000000183f9000 JavaThread "Cache worker for Build Output Cleanup Cache (D:\Fudex\projects\EcommerceApp\android\.gradle\buildOutputCleanup)" [_thread_blocked, id=30996, stack(0x00000000205c0000,0x00000000206c0000)]
  0x00000000183ff800 JavaThread "pool-1-thread-1" [_thread_blocked, id=4340, stack(0x00000000202c0000,0x00000000203c0000)]
  0x00000000183f8000 JavaThread "Build operations Thread 4" [_thread_blocked, id=2000, stack(0x000000001fdc0000,0x000000001fec0000)]
  0x00000000183ff000 JavaThread "Build operations Thread 3" [_thread_blocked, id=28476, stack(0x000000001fcc0000,0x000000001fdc0000)]
  0x00000000183fd800 JavaThread "Build operations Thread 2" [_thread_blocked, id=33544, stack(0x000000001fbc0000,0x000000001fcc0000)]
  0x00000000183fe000 JavaThread "Build operations" [_thread_blocked, id=14684, stack(0x000000001f690000,0x000000001f790000)]
  0x0000000017ee5800 JavaThread "Cache worker for execution history cache (C:\Users\Mohamad\.gradle\caches\6.2\executionHistory)" [_thread_blocked, id=26756, stack(0x000000001db90000,0x000000001dc90000)]
  0x0000000017ee4000 JavaThread "Cache worker for cache directory md-rule (C:\Users\Mohamad\.gradle\caches\6.2\md-rule)" [_thread_blocked, id=5400, stack(0x000000001da90000,0x000000001db90000)]
  0x0000000017ee5000 JavaThread "Cache worker for cache directory md-supplier (C:\Users\Mohamad\.gradle\caches\6.2\md-supplier)" [_thread_blocked, id=10280, stack(0x000000001d790000,0x000000001d890000)]
  0x0000000017eea000 JavaThread "Cache worker for file hash cache (D:\Fudex\projects\EcommerceApp\android\.gradle\6.2\fileHashes)" [_thread_blocked, id=29076, stack(0x000000001c110000,0x000000001c210000)]
  0x0000000017ee7000 JavaThread "Cache worker for checksums cache (D:\Fudex\projects\EcommerceApp\android\.gradle\checksums)" [_thread_blocked, id=33796, stack(0x000000001c3e0000,0x000000001c4e0000)]
  0x0000000017ee9800 JavaThread "Cache worker for file hash cache (C:\Users\Mohamad\.gradle\caches\6.2\fileHashes)" [_thread_blocked, id=4400, stack(0x0000000019d70000,0x0000000019e70000)]
  0x0000000017ee8800 JavaThread "File lock request listener" [_thread_in_native, id=22396, stack(0x0000000019c70000,0x0000000019d70000)]
  0x0000000017ee8000 JavaThread "Cache worker for journal cache (C:\Users\Mohamad\.gradle\caches\journal-1)" [_thread_blocked, id=31816, stack(0x0000000019b70000,0x0000000019c70000)]
  0x0000000017c12800 JavaThread "Thread-9" [_thread_blocked, id=28868, stack(0x0000000019870000,0x0000000019970000)]
  0x0000000017c38800 JavaThread "Stdin handler" [_thread_blocked, id=32696, stack(0x0000000019770000,0x0000000019870000)]
  0x0000000017c08800 JavaThread "Asynchronous log dispatcher for DefaultDaemonConnection: socket connection from /127.0.0.1:56393 to /127.0.0.1:56394" [_thread_blocked, id=16824, stack(0x0000000019670000,0x0000000019770000)]
  0x0000000017c40800 JavaThread "Daemon worker" [_thread_blocked, id=16048, stack(0x0000000019570000,0x0000000019670000)]
  0x0000000017c07800 JavaThread "Cancel handler" [_thread_blocked, id=27784, stack(0x0000000019470000,0x0000000019570000)]
  0x0000000017c27800 JavaThread "Handler for socket connection from /127.0.0.1:56393 to /127.0.0.1:56394" [_thread_in_native, id=21924, stack(0x0000000019170000,0x0000000019270000)]
  0x0000000017c27000 JavaThread "Daemon" [_thread_blocked, id=25696, stack(0x0000000019070000,0x0000000019170000)]
  0x0000000017b88000 JavaThread "Daemon periodic checks" [_thread_blocked, id=22780, stack(0x0000000018f70000,0x0000000019070000)]
  0x0000000017b76000 JavaThread "Incoming local TCP Connector on port 56393" [_thread_in_native, id=16632, stack(0x0000000018d30000,0x0000000018e30000)]
  0x0000000017aef800 JavaThread "Daemon health stats" [_thread_blocked, id=3708, stack(0x00000000186f0000,0x00000000187f0000)]
  0x00000000158ed000 JavaThread "Service Thread" daemon [_thread_blocked, id=8756, stack(0x0000000015d50000,0x0000000015e50000)]
  0x0000000015870800 JavaThread "C1 CompilerThread2" daemon [_thread_blocked, id=33928, stack(0x0000000015c50000,0x0000000015d50000)]
=>0x0000000013fff000 JavaThread "C2 CompilerThread1" daemon [_thread_in_native, id=28496, stack(0x0000000015750000,0x0000000015850000)]
  0x0000000013ff7000 JavaThread "C2 CompilerThread0" daemon [_thread_blocked, id=10548, stack(0x0000000015650000,0x0000000015750000)]
  0x0000000014045800 JavaThread "Attach Listener" daemon [_thread_blocked, id=11676, stack(0x0000000015550000,0x0000000015650000)]
  0x0000000014044800 JavaThread "Signal Dispatcher" daemon [_thread_blocked, id=20088, stack(0x0000000015450000,0x0000000015550000)]
  0x0000000002b9b800 JavaThread "Finalizer" daemon [_thread_blocked, id=27356, stack(0x0000000015250000,0x0000000015350000)]
  0x0000000013fda000 JavaThread "Reference Handler" daemon [_thread_blocked, id=18840, stack(0x0000000015150000,0x0000000015250000)]
  0x0000000002aa2800 JavaThread "main" [_thread_blocked, id=8420, stack(0x0000000001170000,0x0000000001270000)]

Other Threads:
  0x0000000013fb8000 VMThread [stack: 0x0000000015050000,0x0000000015150000] [id=26584]
  0x00000000158ef000 WatcherThread [stack: 0x0000000015e50000,0x0000000015f50000] [id=2120]

VM state:not at safepoint (normal execution)

VM Mutex/Monitor currently owned by a thread: None

Heap:
 PSYoungGen      total 124416K, used 40892K [0x00000000f5580000, 0x00000000ffc80000, 0x0000000100000000)
  eden space 81920K, 26% used [0x00000000f5580000,0x00000000f6a530e8,0x00000000fa580000)
  from space 42496K, 46% used [0x00000000fd300000,0x00000000fe61c030,0x00000000ffc80000)
  to   space 44544K, 0% used [0x00000000fa580000,0x00000000fa580000,0x00000000fd100000)
 ParOldGen       total 349696K, used 276627K [0x00000000e0000000, 0x00000000f5580000, 0x00000000f5580000)
  object space 349696K, 79% used [0x00000000e0000000,0x00000000f0e24f78,0x00000000f5580000)
 Metaspace       used 135074K, capacity 144083K, committed 144768K, reserved 1173504K
  class space    used 17670K, capacity 19642K, committed 19840K, reserved 1048576K

Card table byte_map: [0x0000000012040000,0x0000000012150000] byte_map_base: 0x0000000011940000

Marking Bits: (ParMarkBitMap*) 0x0000000056f63e30
 Begin Bits: [0x0000000012550000, 0x0000000012d50000)
 End Bits:   [0x0000000012d50000, 0x0000000013550000)

Polling page: 0x0000000000e20000

CodeCache: size=245760Kb used=68071Kb max_used=68734Kb free=177688Kb
 bounds [0x0000000002c80000, 0x0000000007070000, 0x0000000011c80000]
 total_blobs=21363 nmethods=20409 adapters=864
 compilation: enabled

Compilation events (10 events):
Event: 651.029 Thread 0x0000000015870800 26486       3       org.gradle.internal.logging.source.DefaultStdOutLoggingSystem::get (4 bytes)
Event: 651.029 Thread 0x0000000015870800 nmethod 26486 0x0000000006d56dd0 code [0x0000000006d56f20, 0x0000000006d57070]
Event: 651.029 Thread 0x0000000015870800 26487       3       org.gradle.internal.logging.source.DefaultStdErrLoggingSystem::get (4 bytes)
Event: 651.029 Thread 0x0000000015870800 nmethod 26487 0x0000000003bda510 code [0x0000000003bda660, 0x0000000003bda7b0]
Event: 651.093 Thread 0x0000000015870800 26488       3       org.gradle.internal.logging.source.JavaUtilLoggingSystem::install (31 bytes)
Event: 651.094 Thread 0x0000000015870800 nmethod 26488 0x000000000421e6d0 code [0x000000000421e960, 0x000000000421f898]
Event: 651.151 Thread 0x0000000015870800 26489   !   3       org.gradle.internal.logging.services.DefaultLoggingManager::stop (189 bytes)
Event: 651.153 Thread 0x0000000015870800 nmethod 26489 0x0000000006a07850 code [0x0000000006a07b80, 0x0000000006a094e8]
Event: 651.153 Thread 0x0000000015870800 26490       3       org.gradle.internal.logging.config.LoggingSystemAdapter::restore (35 bytes)
Event: 651.154 Thread 0x0000000015870800 nmethod 26490 0x0000000003b49690 code [0x0000000003b49800, 0x0000000003b49b28]

GC Heap History (10 events):
Event: 627.736 GC heap before
{Heap before GC invocations=114 (full 9):
 PSYoungGen      total 120832K, used 89460K [0x00000000f5580000, 0x00000000ffe80000, 0x0000000100000000)
  eden space 71168K, 99% used [0x00000000f5580000,0x00000000f9adb7d8,0x00000000f9b00000)
  from space 49664K, 37% used [0x00000000f9b00000,0x00000000fad01ba0,0x00000000fcb80000)
  to   space 49152K, 0% used [0x00000000fce80000,0x00000000fce80000,0x00000000ffe80000)
 ParOldGen       total 349696K, used 274417K [0x00000000e0000000, 0x00000000f5580000, 0x00000000f5580000)
  object space 349696K, 78% used [0x00000000e0000000,0x00000000f0bfc428,0x00000000f5580000)
 Metaspace       used 135045K, capacity 144019K, committed 144768K, reserved 1173504K
  class space    used 17670K, capacity 19642K, committed 19840K, reserved 1048576K
Event: 627.766 GC heap after
Heap after GC invocations=114 (full 9):
 PSYoungGen      total 122880K, used 30536K [0x00000000f5580000, 0x00000000ffd00000, 0x0000000100000000)
  eden space 75264K, 0% used [0x00000000f5580000,0x00000000f5580000,0x00000000f9f00000)
  from space 47616K, 64% used [0x00000000fce80000,0x00000000fec520b0,0x00000000ffd00000)
  to   space 48128K, 0% used [0x00000000f9f00000,0x00000000f9f00000,0x00000000fce00000)
 ParOldGen       total 349696K, used 274433K [0x00000000e0000000, 0x00000000f5580000, 0x00000000f5580000)
  object space 349696K, 78% used [0x00000000e0000000,0x00000000f0c00428,0x00000000f5580000)
 Metaspace       used 135045K, capacity 144019K, committed 144768K, reserved 1173504K
  class space    used 17670K, capacity 19642K, committed 19840K, reserved 1048576K
}
Event: 630.407 GC heap before
{Heap before GC invocations=115 (full 9):
 PSYoungGen      total 122880K, used 105800K [0x00000000f5580000, 0x00000000ffd00000, 0x0000000100000000)
  eden space 75264K, 100% used [0x00000000f5580000,0x00000000f9f00000,0x00000000f9f00000)
  from space 47616K, 64% used [0x00000000fce80000,0x00000000fec520b0,0x00000000ffd00000)
  to   space 48128K, 0% used [0x00000000f9f00000,0x00000000f9f00000,0x00000000fce00000)
 ParOldGen       total 349696K, used 274433K [0x00000000e0000000, 0x00000000f5580000, 0x00000000f5580000)
  object space 349696K, 78% used [0x00000000e0000000,0x00000000f0c00428,0x00000000f5580000)
 Metaspace       used 135045K, capacity 144019K, committed 144768K, reserved 1173504K
  class space    used 17670K, capacity 19642K, committed 19840K, reserved 1048576K
Event: 630.466 GC heap after
Heap after GC invocations=115 (full 9):
 PSYoungGen      total 123392K, used 18400K [0x00000000f5580000, 0x00000000fff80000, 0x0000000100000000)
  eden space 75264K, 0% used [0x00000000f5580000,0x00000000f5580000,0x00000000f9f00000)
  from space 48128K, 38% used [0x00000000f9f00000,0x00000000fb0f8020,0x00000000fce00000)
  to   space 47616K, 0% used [0x00000000fd100000,0x00000000fd100000,0x00000000fff80000)
 ParOldGen       total 349696K, used 275290K [0x00000000e0000000, 0x00000000f5580000, 0x00000000f5580000)
  object space 349696K, 78% used [0x00000000e0000000,0x00000000f0cd6870,0x00000000f5580000)
 Metaspace       used 135045K, capacity 144019K, committed 144768K, reserved 1173504K
  class space    used 17670K, capacity 19642K, committed 19840K, reserved 1048576K
}
Event: 631.776 GC heap before
{Heap before GC invocations=116 (full 9):
 PSYoungGen      total 123392K, used 93664K [0x00000000f5580000, 0x00000000fff80000, 0x0000000100000000)
  eden space 75264K, 100% used [0x00000000f5580000,0x00000000f9f00000,0x00000000f9f00000)
  from space 48128K, 38% used [0x00000000f9f00000,0x00000000fb0f8020,0x00000000fce00000)
  to   space 47616K, 0% used [0x00000000fd100000,0x00000000fd100000,0x00000000fff80000)
 ParOldGen       total 349696K, used 275290K [0x00000000e0000000, 0x00000000f5580000, 0x00000000f5580000)
  object space 349696K, 78% used [0x00000000e0000000,0x00000000f0cd6870,0x00000000f5580000)
 Metaspace       used 135048K, capacity 144019K, committed 144768K, reserved 1173504K
  class space    used 17670K, capacity 19642K, committed 19840K, reserved 1048576K
Event: 631.816 GC heap after
Heap after GC invocations=116 (full 9):
 PSYoungGen      total 124416K, used 19458K [0x00000000f5580000, 0x00000000ffd80000, 0x0000000100000000)
  eden space 78848K, 0% used [0x00000000f5580000,0x00000000f5580000,0x00000000fa280000)
  from space 45568K, 42% used [0x00000000fd100000,0x00000000fe400b98,0x00000000ffd80000)
  to   space 46592K, 0% used [0x00000000fa280000,0x00000000fa280000,0x00000000fd000000)
 ParOldGen       total 349696K, used 275777K [0x00000000e0000000, 0x00000000f5580000, 0x00000000f5580000)
  object space 349696K, 78% used [0x00000000e0000000,0x00000000f0d50578,0x00000000f5580000)
 Metaspace       used 135048K, capacity 144019K, committed 144768K, reserved 1173504K
  class space    used 17670K, capacity 19642K, committed 19840K, reserved 1048576K
}
Event: 636.733 GC heap before
{Heap before GC invocations=117 (full 9):
 PSYoungGen      total 124416K, used 98306K [0x00000000f5580000, 0x00000000ffd80000, 0x0000000100000000)
  eden space 78848K, 100% used [0x00000000f5580000,0x00000000fa280000,0x00000000fa280000)
  from space 45568K, 42% used [0x00000000fd100000,0x00000000fe400b98,0x00000000ffd80000)
  to   space 46592K, 0% used [0x00000000fa280000,0x00000000fa280000,0x00000000fd000000)
 ParOldGen       total 349696K, used 275777K [0x00000000e0000000, 0x00000000f5580000, 0x00000000f5580000)
  object space 349696K, 78% used [0x00000000e0000000,0x00000000f0d50578,0x00000000f5580000)
 Metaspace       used 135055K, capacity 144019K, committed 144768K, reserved 1173504K
  class space    used 17670K, capacity 19642K, committed 19840K, reserved 1048576K
Event: 636.775 GC heap after
Heap after GC invocations=117 (full 9):
 PSYoungGen      total 125440K, used 15569K [0x00000000f5580000, 0x0000000100000000, 0x0000000100000000)
  eden space 78848K, 0% used [0x00000000f5580000,0x00000000f5580000,0x00000000fa280000)
  from space 46592K, 33% used [0x00000000fa280000,0x00000000fb1b47c0,0x00000000fd000000)
  to   space 46080K, 0% used [0x00000000fd300000,0x00000000fd300000,0x0000000100000000)
 ParOldGen       total 349696K, used 275793K [0x00000000e0000000, 0x00000000f5580000, 0x00000000f5580000)
  object space 349696K, 78% used [0x00000000e0000000,0x00000000f0d54578,0x00000000f5580000)
 Metaspace       used 135055K, capacity 144019K, committed 144768K, reserved 1173504K
  class space    used 17670K, capacity 19642K, committed 19840K, reserved 1048576K
}
Event: 644.423 GC heap before
{Heap before GC invocations=118 (full 9):
 PSYoungGen      total 125440K, used 94370K [0x00000000f5580000, 0x0000000100000000, 0x0000000100000000)
  eden space 78848K, 99% used [0x00000000f5580000,0x00000000fa274060,0x00000000fa280000)
  from space 46592K, 33% used [0x00000000fa280000,0x00000000fb1b47c0,0x00000000fd000000)
  to   space 46080K, 0% used [0x00000000fd300000,0x00000000fd300000,0x0000000100000000)
 ParOldGen       total 349696K, used 275793K [0x00000000e0000000, 0x00000000f5580000, 0x00000000f5580000)
  object space 349696K, 78% used [0x00000000e0000000,0x00000000f0d54578,0x00000000f5580000)
 Metaspace       used 135059K, capacity 144083K, committed 144768K, reserved 1173504K
  class space    used 17670K, capacity 19642K, committed 19840K, reserved 1048576K
Event: 644.461 GC heap after
Heap after GC invocations=118 (full 9):
 PSYoungGen      total 124416K, used 19568K [0x00000000f5580000, 0x00000000ffc80000, 0x0000000100000000)
  eden space 81920K, 0% used [0x00000000f5580000,0x00000000f5580000,0x00000000fa580000)
  from space 42496K, 46% used [0x00000000fd300000,0x00000000fe61c030,0x00000000ffc80000)
  to   space 44544K, 0% used [0x00000000fa580000,0x00000000fa580000,0x00000000fd100000)
 ParOldGen       total 349696K, used 276627K [0x00000000e0000000, 0x00000000f5580000, 0x00000000f5580000)
  object space 349696K, 79% used [0x00000000e0000000,0x00000000f0e24f78,0x00000000f5580000)
 Metaspace       used 135059K, capacity 144083K, committed 144768K, reserved 1173504K
  class space    used 17670K, capacity 19642K, committed 19840K, reserved 1048576K
}

Deoptimization events (10 events):
Event: 579.829 Thread 0x000000001b6d7800 Uncommon trap: reason=array_check action=maybe_recompile pc=0x00000000064cc484 method=java.util.TimSort.mergeHi(IIII)V @ 101
Event: 593.696 Thread 0x000000001b6d8800 Uncommon trap: reason=class_check action=maybe_recompile pc=0x0000000004d0d4b4 method=org.gradle.internal.snapshot.impl.DirectorySnapshotter$PathVisitor.visitFile(Ljava/lang/Object;Ljava/nio/file/attribute/BasicFileAttributes;)Ljava/nio/file/FileVisitResu
Event: 593.697 Thread 0x000000001b6d8800 Uncommon trap: reason=class_check action=maybe_recompile pc=0x0000000003219d90 method=org.gradle.internal.snapshot.impl.DirectorySnapshotter$PathVisitor.visitFile(Ljava/nio/file/Path;Ljava/nio/file/attribute/BasicFileAttributes;)Ljava/nio/file/FileVisitRe
Event: 593.697 Thread 0x000000001b6d8800 Uncommon trap: reason=class_check action=maybe_recompile pc=0x00000000055d282c method=org.gradle.internal.snapshot.impl.DirectorySnapshotter$PathVisitor.snapshotFile(Ljava/nio/file/Path;Ljava/lang/String;Ljava/nio/file/attribute/BasicFileAttributes;)Lorg/
Event: 609.395 Thread 0x0000000017c40800 Uncommon trap: reason=bimorphic action=maybe_recompile pc=0x0000000006478224 method=java.util.TimSort.mergeHi(IIII)V @ 227
Event: 620.164 Thread 0x000000001b6db800 Uncommon trap: reason=unstable_if action=reinterpret pc=0x0000000004840d84 method=com.sun.org.apache.xerces.internal.impl.XMLEntityScanner.scanLiteral(ILcom/sun/org/apache/xerces/internal/xni/XMLString;Z)I @ 44
Event: 629.508 Thread 0x0000000017eea000 Uncommon trap: reason=unstable_if action=reinterpret pc=0x0000000006a19ffc method=java.util.concurrent.locks.AbstractQueuedSynchronizer.unparkSuccessor(Ljava/util/concurrent/locks/AbstractQueuedSynchronizer$Node;)V @ 22
Event: 635.552 Thread 0x00000000183ff800 Uncommon trap: reason=unstable_if action=reinterpret pc=0x00000000064cdf60 method=java.lang.Long.numberOfLeadingZeros(J)I @ 18
Event: 635.556 Thread 0x00000000183ff800 Uncommon trap: reason=unstable_if action=reinterpret pc=0x00000000055c6bb8 method=java.util.concurrent.FutureTask.set(Ljava/lang/Object;)V @ 12
Event: 651.035 Thread 0x000000001b6db800 Uncommon trap: reason=bimorphic action=maybe_recompile pc=0x00000000055a8408 method=org.gradle.api.internal.file.pattern.FixedStepPathMatcher.matches([Ljava/lang/String;I)Z @ 48

Classes redefined (0 events):
No events

Internal exceptions (10 events):
Event: 634.225 Thread 0x000000001b6d7800 Exception <a 'sun/nio/fs/WindowsException'> (0x00000000f7464408) thrown at [C:\re\workspace\8-2-build-windows-amd64-cygwin\jdk8u191\11896\hotspot\src\share\vm\prims\jni.cpp, line 709]
Event: 635.552 Thread 0x00000000183ff800 Exception <a 'sun/nio/fs/WindowsException'> (0x00000000f879f308) thrown at [C:\re\workspace\8-2-build-windows-amd64-cygwin\jdk8u191\11896\hotspot\src\share\vm\prims\jni.cpp, line 709]
Event: 644.403 Thread 0x000000001b6db800 Exception <a 'sun/nio/fs/WindowsException'> (0x00000000fa1d21b0) thrown at [C:\re\workspace\8-2-build-windows-amd64-cygwin\jdk8u191\11896\hotspot\src\share\vm\prims\jni.cpp, line 709]
Event: 644.403 Thread 0x000000001b6db800 Exception <a 'sun/nio/fs/WindowsException'> (0x00000000fa1d2e50) thrown at [C:\re\workspace\8-2-build-windows-amd64-cygwin\jdk8u191\11896\hotspot\src\share\vm\prims\jni.cpp, line 709]
Event: 644.404 Thread 0x000000001b6db800 Exception <a 'sun/nio/fs/WindowsException'> (0x00000000fa1d3b78) thrown at [C:\re\workspace\8-2-build-windows-amd64-cygwin\jdk8u191\11896\hotspot\src\share\vm\prims\jni.cpp, line 709]
Event: 644.419 Thread 0x000000001b6db800 Exception <a 'sun/nio/fs/WindowsException'> (0x00000000fa23fa20) thrown at [C:\re\workspace\8-2-build-windows-amd64-cygwin\jdk8u191\11896\hotspot\src\share\vm\prims\jni.cpp, line 709]
Event: 644.473 Thread 0x000000001b6db800 Exception <a 'sun/nio/fs/WindowsException'> (0x00000000f57b4320) thrown at [C:\re\workspace\8-2-build-windows-amd64-cygwin\jdk8u191\11896\hotspot\src\share\vm\prims\jni.cpp, line 709]
Event: 644.476 Thread 0x000000001b6db800 Exception <a 'sun/nio/fs/WindowsException'> (0x00000000f57cc468) thrown at [C:\re\workspace\8-2-build-windows-amd64-cygwin\jdk8u191\11896\hotspot\src\share\vm\prims\jni.cpp, line 709]
Event: 644.489 Thread 0x000000002369c000 Exception <a 'sun/nio/fs/WindowsException'> (0x00000000f582b688) thrown at [C:\re\workspace\8-2-build-windows-amd64-cygwin\jdk8u191\11896\hotspot\src\share\vm\prims\jni.cpp, line 709]
Event: 651.037 Thread 0x000000001b6db800 Exception <a 'sun/nio/fs/WindowsException'> (0x00000000f67f8398) thrown at [C:\re\workspace\8-2-build-windows-amd64-cygwin\jdk8u191\11896\hotspot\src\share\vm\prims\jni.cpp, line 709]

Events (10 events):
Event: 637.317 Thread 0x00000000236a6800 Thread exited: 0x00000000236a6800
Event: 639.501 Thread 0x000000002369f000 Thread exited: 0x000000002369f000
Event: 644.422 Executing VM operation: ParallelGCFailedAllocation
Event: 644.461 Executing VM operation: ParallelGCFailedAllocation done
Event: 644.488 Executing VM operation: RevokeBias
Event: 644.489 Executing VM operation: RevokeBias done
Event: 651.027 Thread 0x000000002369f000 Thread added: 0x000000002369f000
Event: 651.035 Thread 0x000000001b6db800 Uncommon trap: trap_request=0xffffffc6 fr.pc=0x00000000055a8408
Event: 651.035 Thread 0x000000001b6db800 DEOPT PACKING pc=0x00000000055a8408 sp=0x000000002255cb00
Event: 651.035 Thread 0x000000001b6db800 DEOPT UNPACKING pc=0x0000000002cc583b sp=0x000000002255c9f8 mode 2


Dynamic libraries:
0x00007ff631580000 - 0x00007ff6315b7000 	C:\Program Files\Java\jdk1.8.0_191\bin\java.exe
0x00007ffe76150000 - 0x00007ffe76346000 	C:\WINDOWS\SYSTEM32\ntdll.dll
0x00007ffe74740000 - 0x00007ffe747fd000 	C:\WINDOWS\System32\KERNEL32.DLL
0x00007ffe73cd0000 - 0x00007ffe73f99000 	C:\WINDOWS\System32\KERNELBASE.dll
0x00007ffe75eb0000 - 0x00007ffe75f5c000 	C:\WINDOWS\System32\ADVAPI32.dll
0x00007ffe75370000 - 0x00007ffe7540e000 	C:\WINDOWS\System32\msvcrt.dll
0x00007ffe75990000 - 0x00007ffe75a2c000 	C:\WINDOWS\System32\sechost.dll
0x00007ffe75be0000 - 0x00007ffe75d0b000 	C:\WINDOWS\System32\RPCRT4.dll
0x00007ffe75080000 - 0x00007ffe75220000 	C:\WINDOWS\System32\USER32.dll
0x00007ffe74180000 - 0x00007ffe741a2000 	C:\WINDOWS\System32\win32u.dll
0x00007ffe75230000 - 0x00007ffe7525a000 	C:\WINDOWS\System32\GDI32.dll
0x00007ffe73890000 - 0x00007ffe73999000 	C:\WINDOWS\System32\gdi32full.dll
0x00007ffe73c30000 - 0x00007ffe73ccd000 	C:\WINDOWS\System32\msvcp_win.dll
0x00007ffe739d0000 - 0x00007ffe73ad0000 	C:\WINDOWS\System32\ucrtbase.dll
0x00007ffe63470000 - 0x00007ffe6370b000 	C:\WINDOWS\WinSxS\amd64_microsoft.windows.common-controls_6595b64144ccf1df_6.0.19041.488_none_ca04af081b815d21\COMCTL32.dll
0x00007ffe75260000 - 0x00007ffe75290000 	C:\WINDOWS\System32\IMM32.DLL
0x0000000056ff0000 - 0x00000000570c2000 	C:\Program Files\Java\jdk1.8.0_191\jre\bin\msvcr100.dll
0x0000000056740000 - 0x0000000056fe4000 	C:\Program Files\Java\jdk1.8.0_191\jre\bin\server\jvm.dll
0x00007ffe74290000 - 0x00007ffe74298000 	C:\WINDOWS\System32\PSAPI.DLL
0x00007ffe62e10000 - 0x00007ffe62e19000 	C:\WINDOWS\SYSTEM32\WSOCK32.dll
0x00007ffe65590000 - 0x00007ffe655b7000 	C:\WINDOWS\SYSTEM32\WINMM.dll
0x00007ffe76010000 - 0x00007ffe7607b000 	C:\WINDOWS\System32\WS2_32.dll
0x00007ffe6a6e0000 - 0x00007ffe6a6ea000 	C:\WINDOWS\SYSTEM32\VERSION.dll
0x0000000056730000 - 0x000000005673f000 	C:\Program Files\Java\jdk1.8.0_191\jre\bin\verify.dll
0x0000000056700000 - 0x0000000056729000 	C:\Program Files\Java\jdk1.8.0_191\jre\bin\java.dll
0x00000000566e0000 - 0x00000000566f6000 	C:\Program Files\Java\jdk1.8.0_191\jre\bin\zip.dll
0x00007ffe74930000 - 0x00007ffe75072000 	C:\WINDOWS\System32\SHELL32.dll
0x00007ffe715d0000 - 0x00007ffe71d65000 	C:\WINDOWS\SYSTEM32\windows.storage.dll
0x00007ffe74300000 - 0x00007ffe74656000 	C:\WINDOWS\System32\combase.dll
0x00007ffe73300000 - 0x00007ffe7332c000 	C:\WINDOWS\SYSTEM32\Wldp.dll
0x00007ffe75f60000 - 0x00007ffe7600e000 	C:\WINDOWS\System32\SHCORE.dll
0x00007ffe742a0000 - 0x00007ffe742f5000 	C:\WINDOWS\System32\shlwapi.dll
0x00007ffe737c0000 - 0x00007ffe737e6000 	C:\WINDOWS\SYSTEM32\profapi.dll
0x00000000566c0000 - 0x00000000566da000 	C:\Program Files\Java\jdk1.8.0_191\jre\bin\net.dll
0x00007ffe73080000 - 0x00007ffe730ea000 	C:\WINDOWS\system32\mswsock.dll
0x00000000566a0000 - 0x00000000566b1000 	C:\Program Files\Java\jdk1.8.0_191\jre\bin\nio.dll
0x00007ffe69e90000 - 0x00007ffe69eba000 	C:\Users\Mohamad\.gradle\native\36\windows-amd64\native-platform.dll
0x0000000056690000 - 0x000000005669d000 	C:\Program Files\Java\jdk1.8.0_191\jre\bin\management.dll
0x00007ffe73250000 - 0x00007ffe73268000 	C:\WINDOWS\SYSTEM32\CRYPTSP.dll
0x00007ffe72940000 - 0x00007ffe72974000 	C:\WINDOWS\system32\rsaenh.dll
0x00007ffe739a0000 - 0x00007ffe739c7000 	C:\WINDOWS\System32\bcrypt.dll
0x00007ffe73740000 - 0x00007ffe7376e000 	C:\WINDOWS\SYSTEM32\USERENV.dll
0x00007ffe74050000 - 0x00007ffe740d0000 	C:\WINDOWS\System32\bcryptprimitives.dll
0x00007ffe73270000 - 0x00007ffe7327c000 	C:\WINDOWS\SYSTEM32\CRYPTBASE.dll
0x00007ffe72d20000 - 0x00007ffe72d5b000 	C:\WINDOWS\SYSTEM32\IPHLPAPI.DLL
0x00007ffe741b0000 - 0x00007ffe741b8000 	C:\WINDOWS\System32\NSI.dll
0x00007ffe71440000 - 0x00007ffe71457000 	C:\WINDOWS\SYSTEM32\dhcpcsvc6.DLL
0x00007ffe71420000 - 0x00007ffe7143d000 	C:\WINDOWS\SYSTEM32\dhcpcsvc.DLL
0x00007ffe72d70000 - 0x00007ffe72e3b000 	C:\WINDOWS\SYSTEM32\DNSAPI.dll
0x00007ffe725d0000 - 0x00007ffe72603000 	C:\WINDOWS\SYSTEM32\ntmarta.dll
0x0000000055f20000 - 0x0000000055f44000 	C:\Program Files\Java\jdk1.8.0_191\jre\bin\sunec.dll
0x0000000055f10000 - 0x0000000055f1b000 	C:\Program Files\Java\jdk1.8.0_191\jre\bin\sunmscapi.dll
0x00007ffe73ad0000 - 0x00007ffe73c2d000 	C:\WINDOWS\System32\CRYPT32.dll
0x00007ffe64e20000 - 0x00007ffe64e2a000 	C:\Windows\System32\rasadhlp.dll
0x00007ffe65300000 - 0x00007ffe6537f000 	C:\WINDOWS\System32\fwpuclnt.dll

VM Arguments:
jvm_args: -XX:MaxMetaspaceSize=256m -XX:+HeapDumpOnOutOfMemoryError -Xms256m -Xmx512m -Dfile.encoding=windows-1256 -Duser.country=US -Duser.language=en -Duser.variant 
java_command: org.gradle.launcher.daemon.bootstrap.GradleDaemon 6.2
java_class_path (initial): C:\Users\Mohamad\.gradle\wrapper\dists\gradle-6.2-all\dvufqs6kielxeao781pmk5huj\gradle-6.2\lib\gradle-launcher-6.2.jar
Launcher Type: SUN_STANDARD

Environment Variables:
JAVA_HOME=C:\Program Files\Java\jdk1.8.0_191
JRE_HOME=C:\Program Files\Java\jre1.8.0_161
CLASSPATH=D:\Fudex\projects\EcommerceApp\android\\gradle\wrapper\gradle-wrapper.jar
PATH=C:\Python39\Scripts\;C:\Python39\;C:\Program Files (x86)\Common Files\Oracle\Java\javapath;C:\Program Files (x86)\Common Files\Intel\Shared Libraries\redist\intel64\compiler;C:\Python27\;C:\Python27\Scripts;C:\ProgramData\Oracle\Java\javapath;C:\WINDOWS\system32;C:\WINDOWS;C:\WINDOWS\System32\Wbem;C:\WINDOWS\System32\WindowsPowerShell\v1.0\;C:\Program Files (x86)\GtkSharp\2.12\bin;C:\Program Files\Java\jre1.8.0_161\bin;C:\Program Files\Java\jdk1.8.0_161\bin;C:\OpenSSL-Win64\bin;C:\WINDOWS\System32\OpenSSH\;C:\Program Files (x86)\QuickTime\QTSystem\;C:\ProgramData\chocolatey\bin;C:\Program Files\Java\jdk1.8.0_191\bin;C:\Users\Mohamad\AppData\Local\Android\Sdk\platform-tools;C:\Program Files\PuTTY\;C:\Program Files\TortoiseSVN\bin;C:\Program Files\Git\cmd;C:\Program Files (x86)\Yarn\bin\;C:\Program Files\nodejs\;C:\Program Files\dotnet\;C:\Users\Mohamad\AppData\Local\Microsoft\WindowsApps;C:\Users\Mohamad\AppData\Local\atom\bin;C:\Users\Mohamad\AppData\Local\GitHubDesktop\bin;C:\Users\Mohamad\AppData\Local\Microsoft\WindowsApps;D:\Programs\Microsoft VS Code\bin;C:\Users\Mohamad\AppData\Local\Yarn\bin;C:\Users\Mohamad\AppData\Roaming\npm;C:\Users\Mohamad\AppData\Local\watchman;C:\Users\Mohamad\.dotnet\tools
USERNAME=Mohamad
OS=Windows_NT
PROCESSOR_IDENTIFIER=Intel64 Family 6 Model 142 Stepping 9, GenuineIntel



---------------  S Y S T E M  ---------------

OS: Windows 10.0 , 64 bit Build 19041 (10.0.19041.662)

CPU:total 4 (initial active 4) (2 cores per cpu, 2 threads per core) family 6 model 142 stepping 9, cmov, cx8, fxsr, mmx, sse, sse2, sse3, ssse3, sse4.1, sse4.2, popcnt, avx, avx2, aes, clmul, erms, 3dnowpref, lzcnt, ht, tsc, tscinvbit, bmi1, bmi2, adx

Memory: 4k page, physical 8302504k(407008k free), swap 15235816k(11296k free)

vm_info: Java HotSpot(TM) 64-Bit Server VM (25.191-b12) for windows-amd64 JRE (1.8.0_191-b12), built on Oct  6 2018 09:29:03 by "java_re" with MS VC++ 10.0 (VS2010)

time: Mon Jan 25 12:54:25 2021
elapsed time: 652 seconds (0d 0h 10m 52s)

